<?xml version="1.0" encoding="UTF-8"?>
<testng-results skipped="0" failed="0" ignored="0" total="1" passed="1">
  <reporter-output>
  </reporter-output>
  <suite name="Default suite" duration-ms="10963" started-at="2021-01-25T10:08:21Z" finished-at="2021-01-25T10:08:32Z">
    <groups>
    </groups>
    <test name="Default test" duration-ms="10963" started-at="2021-01-25T10:08:21Z" finished-at="2021-01-25T10:08:32Z">
      <class name="GoogleTest">
        <test-method status="PASS" signature="setUp()[pri:0, instance:GoogleTest@29774679]" name="setUp" is-config="true" duration-ms="3538" started-at="2021-01-25T10:08:21Z" finished-at="2021-01-25T10:08:24Z">
          <reporter-output>
          </reporter-output>
        </test-method> <!-- setUp -->
        <test-method status="PASS" signature="googleTest()[pri:0, instance:GoogleTest@29774679]" name="googleTest" duration-ms="6751" started-at="2021-01-25T10:08:24Z" finished-at="2021-01-25T10:08:31Z">
          <reporter-output>
          </reporter-output>
        </test-method> <!-- googleTest -->
        <test-method status="PASS" signature="tearDown()[pri:0, instance:GoogleTest@29774679]" name="tearDown" is-config="true" duration-ms="652" started-at="2021-01-25T10:08:31Z" finished-at="2021-01-25T10:08:32Z">
          <reporter-output>
          </reporter-output>
        </test-method> <!-- tearDown -->
      </class> <!-- GoogleTest -->
    </test> <!-- Default test -->
  </suite> <!-- Default suite -->
</testng-results>
